<?xml version="1.0" encoding="UTF-8"?>
<testng-results skipped="0" failed="0" total="1" passed="1">
  <reporter-output>
  </reporter-output>
  <suite name="Default suite" duration-ms="54053" started-at="2017-07-05T16:36:32Z" finished-at="2017-07-05T16:37:26Z">
    <groups>
    </groups>
    <test name="Default test" duration-ms="54053" started-at="2017-07-05T16:36:32Z" finished-at="2017-07-05T16:37:26Z">
      <class name="mobile.Test1">
        <test-method status="PASS" signature="f()[pri:0, instance:mobile.Test1@68be2bc2]" name="f" duration-ms="54011" started-at="2017-07-05T11:36:32Z" finished-at="2017-07-05T11:37:26Z">
          <reporter-output>
          </reporter-output>
        </test-method> <!-- f -->
      </class> <!-- mobile.Test1 -->
    </test> <!-- Default test -->
  </suite> <!-- Default suite -->
</testng-results>
