<?xml version="1.0" encoding="UTF-8"?>
<!-- Generated by org.testng.reporters.JUnitXMLReporter -->
<testsuite hostname="ramesh-mbp.wfm.pvt" name="eStoreRegression" tests="3" failures="0" timestamp="3 Apr 2017 14:19:38 GMT" time="244.253" errors="0">
  <testcase name="taxedItem" time="60.299" classname="com.estore.tests.TaxedItem"/>
  <testcase name="deliveryOnly" time="50.783" classname="com.estore.tests.DeliveryOnly"/>
  <testcase name="variableWeight" time="75.769" classname="com.estore.tests.VariableWeightItem"/>
</testsuite> <!-- eStoreRegression -->
