<?xml version="1.0" encoding="UTF-8"?>
<!-- Generated by org.testng.reporters.JUnitXMLReporter -->
<testsuite hostname="ramesh-mbp.wfm.pvt" name="Test" tests="3" failures="0" timestamp="5 Apr 2017 16:26:12 GMT" time="122.368" errors="0">
  <testcase name="deliveryOnly" time="33.559" classname="com.estore.tests.DeliveryOnly"/>
  <testcase name="taxedItem" time="34.663" classname="com.estore.tests.TaxedItem"/>
  <testcase name="variableWeight" time="33.626" classname="com.estore.tests.VariableWeightItem"/>
</testsuite> <!-- Test -->
