<?xml version="1.0" encoding="UTF-8"?>
<testng-results skipped="0" failed="0" total="1" passed="1">
  <reporter-output>
    <line>
      <![CDATA[===Browser Session Started===]]>
    </line>
    <line>
      <![CDATA[===Application started===]]>
    </line>
    <line>
      <![CDATA[===Browser Session End===]]>
    </line>
  </reporter-output>
  <suite name="Default suite" duration-ms="50352" started-at="2017-07-11T14:24:45Z" finished-at="2017-07-11T14:25:35Z">
    <groups>
    </groups>
    <test name="Default test" duration-ms="50352" started-at="2017-07-11T14:24:45Z" finished-at="2017-07-11T14:25:35Z">
      <class name="com.estore.tests.ContingentPercentDiscount">
        <test-method status="PASS" signature="beforeSuite()[pri:0, instance:com.estore.tests.ContingentPercentDiscount@9629756]" name="beforeSuite" is-config="true" duration-ms="13" started-at="2017-07-11T09:24:45Z" finished-at="2017-07-11T09:24:45Z">
          <reporter-output>
          </reporter-output>
        </test-method> <!-- beforeSuite -->
        <test-method status="PASS" signature="beforeMethod()[pri:0, instance:com.estore.tests.ContingentPercentDiscount@9629756]" name="beforeMethod" is-config="true" duration-ms="15374" started-at="2017-07-11T09:24:45Z" finished-at="2017-07-11T09:25:00Z">
          <reporter-output>
            <line>
              <![CDATA[===Browser Session Started===]]>
            </line>
            <line>
              <![CDATA[===Application started===]]>
            </line>
          </reporter-output>
        </test-method> <!-- beforeMethod -->
        <test-method status="PASS" signature="contingentPercentDiscount()[pri:0, instance:com.estore.tests.ContingentPercentDiscount@9629756]" name="contingentPercentDiscount" duration-ms="34866" started-at="2017-07-11T09:25:00Z" description="Test case for Contingent Percent Discount With Coupon" finished-at="2017-07-11T09:25:35Z">
          <reporter-output>
          </reporter-output>
        </test-method> <!-- contingentPercentDiscount -->
        <test-method status="PASS" signature="tearDown(org.testng.ITestResult)[pri:0, instance:com.estore.tests.ContingentPercentDiscount@9629756]" name="tearDown" is-config="true" duration-ms="91" started-at="2017-07-11T09:25:35Z" finished-at="2017-07-11T09:25:35Z">
          <params>
            <param index="0">
              <value>
                <![CDATA[[TestResult name=contingentPercentDiscount status=SUCCESS method=ContingentPercentDiscount.contingentPercentDiscount()[pri:0, instance:com.estore.tests.ContingentPercentDiscount@9629756] output={null}]]]>
              </value>
            </param>
          </params>
          <reporter-output>
            <line>
              <![CDATA[===Browser Session End===]]>
            </line>
          </reporter-output>
        </test-method> <!-- tearDown -->
      </class> <!-- com.estore.tests.ContingentPercentDiscount -->
    </test> <!-- Default test -->
  </suite> <!-- Default suite -->
</testng-results>
