<?xml version="1.0" encoding="UTF-8"?>
<!-- Generated by org.testng.reporters.JUnitXMLReporter -->
<testsuite hostname="Ramesh-MacBook-Pro.local" name="Test" tests="2" failures="0" timestamp="30 Mar 2017 23:40:03 GMT" time="30.505" errors="0">
  <testcase name="@BeforeMethod beforeMethod" time="0.0" classname="com.estore.tests.TaxedItem">
    <failure type="java.lang.NullPointerException">
      <![CDATA[java.lang.NullPointerException
	at com.estore.tests.TestBase.beforeMethod(TestBase.java:41)
... Removed 27 stack frames]]>
    </failure>
  </testcase> <!-- @BeforeMethod beforeMethod -->
  <testcase name="@AfterMethod tearDown" time="0.0" classname="com.estore.tests.TaxedItem">
    <skipped/>
  </testcase> <!-- @AfterMethod tearDown -->
  <testcase name="deliveryOnly" time="25.967" classname="com.estore.tests.DeliveryOnly"/>
  <testcase name="taxedItem" time="0.001" classname="com.estore.tests.TaxedItem">
    <skipped/>
  </testcase> <!-- taxedItem -->
</testsuite> <!-- Test -->
