<?xml version="1.0" encoding="UTF-8"?>
<!-- Generated by org.testng.reporters.JUnitXMLReporter -->
<testsuite hostname="ramesh-mbp.wfm.pvt" name="all-tests" tests="3" failures="0" timestamp="31 Mar 2017 15:17:03 GMT" time="36.743" errors="0">
  <testcase name="@BeforeMethod beforeMethod" time="0.0" classname="com.estore.tests.VariableWeightItem">
    <failure type="java.lang.NullPointerException">
      <![CDATA[java.lang.NullPointerException
	at com.estore.tests.TestBase.beforeMethod(TestBase.java:41)
... Removed 27 stack frames]]>
    </failure>
  </testcase> <!-- @BeforeMethod beforeMethod -->
  <testcase name="@AfterMethod tearDown" time="0.0" classname="com.estore.tests.VariableWeightItem">
    <skipped/>
  </testcase> <!-- @AfterMethod tearDown -->
  <testcase name="@BeforeMethod beforeMethod" time="0.0" classname="com.estore.tests.TaxedItem">
    <skipped/>
  </testcase> <!-- @BeforeMethod beforeMethod -->
  <testcase name="@AfterMethod tearDown" time="0.0" classname="com.estore.tests.TaxedItem">
    <skipped/>
  </testcase> <!-- @AfterMethod tearDown -->
  <testcase name="deliveryOnly" time="30.702" classname="com.estore.tests.DeliveryOnly"/>
  <testcase name="variableWeight" time="0.001" classname="com.estore.tests.VariableWeightItem">
    <skipped/>
  </testcase> <!-- variableWeight -->
  <testcase name="taxedItem" time="0.001" classname="com.estore.tests.TaxedItem">
    <skipped/>
  </testcase> <!-- taxedItem -->
</testsuite> <!-- all-tests -->
