<?xml version="1.0" encoding="UTF-8"?>
<!-- Generated by org.testng.reporters.JUnitXMLReporter -->
<testsuite hostname="ramesh-mbp.wfm.pvt" name="Nopackage" tests="1" failures="0" timestamp="31 Mar 2017 15:45:07 GMT" time="0.031" errors="0">
  <testcase name="@BeforeMethod beforeMethod" time="0.0" classname="com.estore.tests.DeliveryOnly">
    <failure type="java.lang.NullPointerException">
      <![CDATA[java.lang.NullPointerException
	at com.estore.tests.TestBase.beforeMethod(TestBase.java:41)
... Removed 27 stack frames]]>
    </failure>
  </testcase> <!-- @BeforeMethod beforeMethod -->
  <testcase name="@AfterMethod tearDown" time="0.0" classname="com.estore.tests.DeliveryOnly">
    <skipped/>
  </testcase> <!-- @AfterMethod tearDown -->
  <testcase name="deliveryOnly" time="0.001" classname="com.estore.tests.DeliveryOnly">
    <skipped/>
  </testcase> <!-- deliveryOnly -->
</testsuite> <!-- Nopackage -->
