<?xml version="1.0" encoding="UTF-8"?>
<!-- Generated by org.testng.reporters.JUnitXMLReporter -->
<testsuite hostname="Ramesh-MacBook-Pro.local" name="TaxedItem" tests="1" failures="0" timestamp="2 Apr 2017 15:48:56 GMT" time="0.05" errors="0">
  <testcase name="@BeforeMethod beforeMethod" time="0.0" classname="com.estore.tests.TaxedItem">
    <failure type="java.lang.NullPointerException">
      <![CDATA[java.lang.NullPointerException
	at com.estore.tests.TestBaseOld.beforeMethod(TestBaseOld.java:41)
... Removed 27 stack frames]]>
    </failure>
  </testcase> <!-- @BeforeMethod beforeMethod -->
  <testcase name="@AfterMethod tearDown" time="0.0" classname="com.estore.tests.TaxedItem">
    <skipped/>
  </testcase> <!-- @AfterMethod tearDown -->
  <testcase name="taxedItem" time="0.004" classname="com.estore.tests.TaxedItem">
    <skipped/>
  </testcase> <!-- taxedItem -->
</testsuite> <!-- TaxedItem -->
