<?xml version="1.0" encoding="UTF-8"?>
<!-- Generated by org.testng.reporters.JUnitXMLReporter -->
<testsuite hostname="Ramesh-MacBook-Pro.local" name="VariableWeightItem" tests="1" failures="0" timestamp="1 Apr 2017 12:49:17 GMT" time="0.036" errors="0">
  <testcase name="@BeforeMethod beforeMethod" time="0.0" classname="com.estore.tests.VariableWeightItem">
    <failure type="java.lang.NullPointerException">
      <![CDATA[java.lang.NullPointerException
	at com.estore.tests.TestBase.beforeMethod(TestBase.java:41)
... Removed 27 stack frames]]>
    </failure>
  </testcase> <!-- @BeforeMethod beforeMethod -->
  <testcase name="@AfterMethod tearDown" time="0.0" classname="com.estore.tests.VariableWeightItem">
    <skipped/>
  </testcase> <!-- @AfterMethod tearDown -->
  <testcase name="variableWeight" time="0.002" classname="com.estore.tests.VariableWeightItem">
    <skipped/>
  </testcase> <!-- variableWeight -->
</testsuite> <!-- VariableWeightItem -->
