<?xml version="1.0" encoding="UTF-8"?>
<!-- Generated by org.testng.reporters.JUnitXMLReporter -->
<testsuite hostname="ramesh-mbp.wfm.pvt" name="Regression1" tests="2" failures="0" timestamp="31 Mar 2017 17:30:35 GMT" time="45.675" errors="0">
  <testcase name="@BeforeMethod beforeMethod" time="0.0" classname="com.estore.tests.TaxedItem">
    <failure type="java.lang.NullPointerException">
      <![CDATA[java.lang.NullPointerException
	at com.estore.tests.TestBase.beforeMethod(TestBase.java:45)
... Removed 27 stack frames]]>
    </failure>
  </testcase> <!-- @BeforeMethod beforeMethod -->
  <testcase name="@AfterMethod tearDown" time="0.0" classname="com.estore.tests.TaxedItem">
    <skipped/>
  </testcase> <!-- @AfterMethod tearDown -->
  <testcase name="deliveryOnly" time="37.466" classname="com.estore.tests.DeliveryOnly"/>
  <testcase name="taxedItem" time="0.001" classname="com.estore.tests.TaxedItem">
    <skipped/>
  </testcase> <!-- taxedItem -->
</testsuite> <!-- Regression1 -->
