<?xml version="1.0" encoding="UTF-8"?>
<testng-results skipped="0" failed="0" ignored="0" total="1" passed="1">
  <reporter-output>
    <line>
      <![CDATA[===Browser Session Started===]]>
    </line>
    <line>
      <![CDATA[===Application started===]]>
    </line>
    <line>
      <![CDATA[===Browser Session End===]]>
    </line>
  </reporter-output>
  <suite name="Default suite" duration-ms="4483" started-at="2017-07-25T16:12:37Z" finished-at="2017-07-25T16:12:42Z">
    <groups>
    </groups>
    <test name="Default test" duration-ms="4483" started-at="2017-07-25T16:12:37Z" finished-at="2017-07-25T16:12:42Z">
      <class name="com.desktop.testcases.Testnatest">
        <test-method status="PASS" signature="beforeSuite()[pri:0, instance:com.desktop.testcases.Testnatest@5e3a8624]" name="beforeSuite" is-config="true" duration-ms="10" started-at="2017-07-25T11:12:37Z" finished-at="2017-07-25T11:12:37Z">
          <reporter-output>
          </reporter-output>
        </test-method> <!-- beforeSuite -->
        <test-method status="PASS" signature="beforeMethod()[pri:0, instance:com.desktop.testcases.Testnatest@5e3a8624]" name="beforeMethod" is-config="true" duration-ms="4344" started-at="2017-07-25T11:12:37Z" finished-at="2017-07-25T11:12:42Z">
          <reporter-output>
            <line>
              <![CDATA[===Browser Session Started===]]>
            </line>
            <line>
              <![CDATA[===Application started===]]>
            </line>
          </reporter-output>
        </test-method> <!-- beforeMethod -->
        <test-method status="PASS" signature="tests()[pri:0, instance:com.desktop.testcases.Testnatest@5e3a8624]" name="tests" duration-ms="36" started-at="2017-07-25T11:12:42Z" finished-at="2017-07-25T11:12:42Z">
          <reporter-output>
          </reporter-output>
        </test-method> <!-- tests -->
        <test-method status="PASS" signature="tearDown(org.testng.ITestResult)[pri:0, instance:com.desktop.testcases.Testnatest@5e3a8624]" name="tearDown" is-config="true" duration-ms="84" started-at="2017-07-25T11:12:42Z" finished-at="2017-07-25T11:12:42Z">
          <params>
            <param index="0">
              <value>
                <![CDATA[[TestResult name=tests status=SUCCESS method=Testnatest.tests()[pri:0, instance:com.desktop.testcases.Testnatest@5e3a8624] output={null}]]]>
              </value>
            </param>
          </params>
          <reporter-output>
            <line>
              <![CDATA[===Browser Session End===]]>
            </line>
          </reporter-output>
        </test-method> <!-- tearDown -->
      </class> <!-- com.desktop.testcases.Testnatest -->
    </test> <!-- Default test -->
  </suite> <!-- Default suite -->
</testng-results>
