<?xml version="1.0" encoding="UTF-8"?>
<testng-results skipped="0" failed="1" ignored="0" total="1" passed="0">
  <reporter-output>
  </reporter-output>
  <suite name="Default suite" duration-ms="3445" started-at="2018-04-20T21:33:30Z" finished-at="2018-04-20T21:33:33Z">
    <groups>
    </groups>
    <test name="Default test" duration-ms="3445" started-at="2018-04-20T21:33:30Z" finished-at="2018-04-20T21:33:33Z">
      <class name="NewTest">
        <test-method status="FAIL" signature="f()[pri:0, instance:NewTest@74650e52]" name="f" duration-ms="3415" started-at="2018-04-20T16:33:30Z" finished-at="2018-04-20T16:33:33Z">
          <exception class="org.openqa.selenium.SessionNotCreatedException">
            <message>
              <![CDATA[Unable to create new remote session. desired capabilities = Capabilities [{moz:firefoxOptions={binary=Optional.empty, args=[], legacy=null, logLevel=null, prefs={}, profile=null}}], required capabilities = Capabilities [{moz:firefoxOptions={binary=Optional.empty, args=[], legacy=null, logLevel=null, prefs={}, profile=null}}]Build info: version: 'unknown', revision: '5234b32', time: '2017-03-10 09:00:17 -0800'System info: host: 'Ramesh-MacBook-Pro.local', ip: '2605:6000:f0c5:bd00:b54b:289:73be:a3a6', os.name: 'Mac OS X', os.arch: 'x86_64', os.version: '10.12.5', java.version: '1.8.0_111'Driver info: driver.version: FirefoxDriver]]>
            </message>
            <full-stacktrace>
              <![CDATA[org.openqa.selenium.SessionNotCreatedException: Unable to create new remote session. desired capabilities = Capabilities [{moz:firefoxOptions={binary=Optional.empty, args=[], legacy=null, logLevel=null, prefs={}, profile=null}}], required capabilities = Capabilities [{moz:firefoxOptions={binary=Optional.empty, args=[], legacy=null, logLevel=null, prefs={}, profile=null}}]Build info: version: 'unknown', revision: '5234b32', time: '2017-03-10 09:00:17 -0800'System info: host: 'Ramesh-MacBook-Pro.local', ip: '2605:6000:f0c5:bd00:b54b:289:73be:a3a6', os.name: 'Mac OS X', os.arch: 'x86_64', os.version: '10.12.5', java.version: '1.8.0_111'Driver info: driver.version: FirefoxDriverat org.openqa.selenium.remote.ProtocolHandshake.createSession(ProtocolHandshake.java:126)at org.openqa.selenium.remote.HttpCommandExecutor.execute(HttpCommandExecutor.java:141)at org.openqa.selenium.remote.service.DriverCommandExecutor.execute(DriverCommandExecutor.java:82)at org.openqa.selenium.remote.RemoteWebDriver.execute(RemoteWebDriver.java:604)at org.openqa.selenium.remote.RemoteWebDriver.startSession(RemoteWebDriver.java:244)at org.openqa.selenium.remote.RemoteWebDriver.<init>(RemoteWebDriver.java:131)at org.openqa.selenium.firefox.FirefoxDriver.<init>(FirefoxDriver.java:218)at org.openqa.selenium.firefox.FirefoxDriver.<init>(FirefoxDriver.java:125)at org.openqa.selenium.firefox.FirefoxDriver.<init>(FirefoxDriver.java:121)at NewTest.f(NewTest.java:16)at sun.reflect.NativeMethodAccessorImpl.invoke0(Native Method)at sun.reflect.NativeMethodAccessorImpl.invoke(NativeMethodAccessorImpl.java:62)at sun.reflect.DelegatingMethodAccessorImpl.invoke(DelegatingMethodAccessorImpl.java:43)at java.lang.reflect.Method.invoke(Method.java:498)at org.testng.internal.MethodInvocationHelper.invokeMethod(MethodInvocationHelper.java:124)at org.testng.internal.Invoker.invokeMethod(Invoker.java:571)at org.testng.internal.Invoker.invokeTestMethod(Invoker.java:707)at org.testng.internal.Invoker.invokeTestMethods(Invoker.java:979)at org.testng.internal.TestMethodWorker.invokeTestMethods(TestMethodWorker.java:125)at org.testng.internal.TestMethodWorker.run(TestMethodWorker.java:109)at org.testng.TestRunner.privateRun(TestRunner.java:648)at org.testng.TestRunner.run(TestRunner.java:505)at org.testng.SuiteRunner.runTest(SuiteRunner.java:455)at org.testng.SuiteRunner.runSequentially(SuiteRunner.java:450)at org.testng.SuiteRunner.privateRun(SuiteRunner.java:415)at org.testng.SuiteRunner.run(SuiteRunner.java:364)at org.testng.SuiteRunnerWorker.runSuite(SuiteRunnerWorker.java:52)at org.testng.SuiteRunnerWorker.run(SuiteRunnerWorker.java:84)at org.testng.TestNG.runSuitesSequentially(TestNG.java:1187)at org.testng.TestNG.runSuitesLocally(TestNG.java:1116)at org.testng.TestNG.runSuites(TestNG.java:1028)at org.testng.TestNG.run(TestNG.java:996)at org.testng.remote.AbstractRemoteTestNG.run(AbstractRemoteTestNG.java:114)at org.testng.remote.RemoteTestNG.initAndRun(RemoteTestNG.java:251)at org.testng.remote.RemoteTestNG.main(RemoteTestNG.java:77)]]>
            </full-stacktrace>
          </exception> <!-- org.openqa.selenium.SessionNotCreatedException -->
          <reporter-output>
          </reporter-output>
        </test-method> <!-- f -->
      </class> <!-- NewTest -->
    </test> <!-- Default test -->
  </suite> <!-- Default suite -->
</testng-results>
