<?xml version="1.0" encoding="UTF-8"?>
<testng-results skipped="0" failed="0" ignored="0" total="0" passed="0">
  <reporter-output>
  </reporter-output>
  <suite name="com.gurock.testrail.TestRailManager" duration-ms="5" started-at="2017-04-05T16:20:30Z" finished-at="2017-04-05T16:20:30Z">
    <groups>
    </groups>
    <test name="Command line test" duration-ms="5" started-at="2017-04-05T16:20:30Z" finished-at="2017-04-05T16:20:30Z">
    </test> <!-- Command line test -->
  </suite> <!-- com.gurock.testrail.TestRailManager -->
</testng-results>
