<?xml version="1.0" encoding="UTF-8"?>
<!-- Generated by org.testng.reporters.JUnitXMLReporter -->
<testsuite hostname="Ramesh-MacBook-Pro.local" name="TaxedItem" tests="3" failures="0" timestamp="3 Apr 2017 00:22:00 GMT" time="96.687" errors="0">
  <testcase name="taxedItem" time="25.105" classname="com.estore.tests.TaxedItem"/>
  <testcase name="deliveryOnly" time="25.769" classname="com.estore.tests.DeliveryOnly"/>
  <testcase name="variableWeight" time="31.194" classname="com.estore.tests.VariableWeightItem"/>
</testsuite> <!-- TaxedItem -->
