<?xml version="1.0" encoding="UTF-8"?>
<testng-results skipped="0" failed="0" ignored="0" total="1" passed="1">
  <reporter-output>
  </reporter-output>
  <suite name="Default suite" duration-ms="6772" started-at="2017-08-03T14:52:03Z" finished-at="2017-08-03T14:52:10Z">
    <groups>
    </groups>
    <test name="Default test" duration-ms="6772" started-at="2017-08-03T14:52:03Z" finished-at="2017-08-03T14:52:10Z">
      <class name="com.estore.tests.Raaa">
        <test-method status="PASS" signature="rec()[pri:0, instance:com.estore.tests.Raaa@1bce4f0a]" name="rec" duration-ms="6751" started-at="2017-08-03T09:52:03Z" finished-at="2017-08-03T09:52:10Z">
          <reporter-output>
          </reporter-output>
        </test-method> <!-- rec -->
      </class> <!-- com.estore.tests.Raaa -->
    </test> <!-- Default test -->
  </suite> <!-- Default suite -->
</testng-results>
