<?xml version="1.0" encoding="UTF-8"?>
<testng-results skipped="0" failed="0" total="1" passed="1">
  <reporter-output>
  </reporter-output>
  <suite name="Default suite" duration-ms="35221" started-at="2017-02-02T16:23:18Z" finished-at="2017-02-02T16:23:53Z">
    <groups>
    </groups>
    <test name="Default test" duration-ms="35221" started-at="2017-02-02T16:23:18Z" finished-at="2017-02-02T16:23:53Z">
      <class name="com.estore.tests.PickupOnly">
        <test-method status="PASS" signature="beforeMethod()[pri:0, instance:com.estore.tests.PickupOnly@4439f31e]" name="beforeMethod" is-config="true" duration-ms="16" started-at="2017-02-02T10:23:18Z" finished-at="2017-02-02T10:23:18Z">
          <reporter-output>
          </reporter-output>
        </test-method> <!-- beforeMethod -->
        <test-method status="PASS" signature="pickUpItems()[pri:0, instance:com.estore.tests.PickupOnly@4439f31e]" name="pickUpItems" duration-ms="35147" started-at="2017-02-02T10:23:18Z" finished-at="2017-02-02T10:23:53Z">
          <reporter-output>
          </reporter-output>
        </test-method> <!-- pickUpItems -->
        <test-method status="PASS" signature="afterMethod()[pri:0, instance:com.estore.tests.PickupOnly@4439f31e]" name="afterMethod" is-config="true" duration-ms="0" started-at="2017-02-02T10:23:53Z" finished-at="2017-02-02T10:23:53Z">
          <reporter-output>
          </reporter-output>
        </test-method> <!-- afterMethod -->
      </class> <!-- com.estore.tests.PickupOnly -->
    </test> <!-- Default test -->
  </suite> <!-- Default suite -->
</testng-results>
