<?xml version="1.0" encoding="UTF-8"?>
<testng-results skipped="0" failed="0" total="1" passed="1">
  <reporter-output>
    <line>
      <![CDATA[===Application started===]]>
    </line>
  </reporter-output>
  <suite name="Default suite" duration-ms="21343" started-at="2017-09-11T16:22:14Z" finished-at="2017-09-11T16:22:35Z">
    <groups>
    </groups>
    <test name="Default test" duration-ms="21343" started-at="2017-09-11T16:22:14Z" finished-at="2017-09-11T16:22:35Z">
      <class name="com.estore.testcases.Login">
        <test-method status="PASS" signature="beforeMethod()[pri:0, instance:com.estore.testcases.Login@4439f31e]" name="beforeMethod" is-config="true" duration-ms="17681" started-at="2017-09-11T11:22:14Z" finished-at="2017-09-11T11:22:31Z">
          <reporter-output>
            <line>
              <![CDATA[===Application started===]]>
            </line>
          </reporter-output>
        </test-method> <!-- beforeMethod -->
        <test-method status="PASS" signature="signIn()[pri:0, instance:com.estore.testcases.Login@4439f31e]" name="signIn" duration-ms="3619" started-at="2017-09-11T11:22:31Z" finished-at="2017-09-11T11:22:35Z">
          <reporter-output>
          </reporter-output>
        </test-method> <!-- signIn -->
      </class> <!-- com.estore.testcases.Login -->
    </test> <!-- Default test -->
  </suite> <!-- Default suite -->
</testng-results>
